{"numTotalTestSuites":53,"numPassedTestSuites":53,"numFailedTestSuites":0,"numPendingTestSuites":0,"numTotalTests":108,"numPassedTests":108,"numFailedTests":0,"numPendingTests":0,"numTodoTests":0,"startTime":1756512452625,"success":true,"testResults":[{"assertionResults":[{"ancestorTitles":["","API Methods","Basic API"],"fullName":" API Methods Basic API should be ready after initialization","status":"passed","title":"should be ready after initialization","duration":4,"failureMessages":[]},{"ancestorTitles":["","API Methods","Basic API"],"fullName":" API Methods Basic API should have version information","status":"passed","title":"should have version information","duration":1,"failureMessages":[]},{"ancestorTitles":["","API Methods","Basic API"],"fullName":" API Methods Basic API should have description","status":"passed","title":"should have description","duration":0,"failureMessages":[]},{"ancestorTitles":["","API Methods","Basic API"],"fullName":" API Methods Basic API should provide comprehensive info","status":"passed","title":"should provide comprehensive info","duration":1,"failureMessages":[]},{"ancestorTitles":["","API Methods","Batch Evaluation"],"fullName":" API Methods Batch Evaluation should evaluate multiple equations successfully","status":"passed","title":"should evaluate multiple equations successfully","duration":2,"failureMessages":[]},{"ancestorTitles":["","API Methods","Batch Evaluation"],"fullName":" API Methods Batch Evaluation should handle mixed success and failure cases","status":"passed","title":"should handle mixed success and failure cases","duration":3,"failureMessages":[]},{"ancestorTitles":["","API Methods","Batch Evaluation"],"fullName":" API Methods Batch Evaluation should handle empty array","status":"passed","title":"should handle empty array","duration":0,"failureMessages":[]},{"ancestorTitles":["","API Methods","Batch Evaluation"],"fullName":" API Methods Batch Evaluation should throw error for non-array input","status":"passed","title":"should throw error for non-array input","duration":3,"failureMessages":[]},{"ancestorTitles":["","API Methods","Batch Evaluation"],"fullName":" API Methods Batch Evaluation should handle different result types","status":"passed","title":"should handle different result types","duration":2,"failureMessages":[]},{"ancestorTitles":["","API Methods","Timeout Evaluation"],"fullName":" API Methods Timeout Evaluation should evaluate simple equations within timeout","status":"passed","title":"should evaluate simple equations within timeout","duration":0,"failureMessages":[]},{"ancestorTitles":["","API Methods","Timeout Evaluation"],"fullName":" API Methods Timeout Evaluation should evaluate complex equations within timeout","status":"passed","title":"should evaluate complex equations within timeout","duration":1,"failureMessages":[]},{"ancestorTitles":["","API Methods","Timeout Evaluation"],"fullName":" API Methods Timeout Evaluation should use default timeout when not specified","status":"passed","title":"should use default timeout when not specified","duration":0,"failureMessages":[]},{"ancestorTitles":["","API Methods","Timeout Evaluation"],"fullName":" API Methods Timeout Evaluation should handle different result types","status":"passed","title":"should handle different result types","duration":3,"failureMessages":[]},{"ancestorTitles":["","API Methods","Timeout Evaluation"],"fullName":" API Methods Timeout Evaluation should reject on invalid equations","status":"passed","title":"should reject on invalid equations","duration":1,"failureMessages":[]},{"ancestorTitles":["","API Methods","Timeout Evaluation"],"fullName":" API Methods Timeout Evaluation should handle very short timeout","status":"passed","title":"should handle very short timeout","duration":0,"failureMessages":[]},{"ancestorTitles":["","API Methods","Supported Functions"],"fullName":" API Methods Supported Functions should return comprehensive function categories","status":"passed","title":"should return comprehensive function categories","duration":1,"failureMessages":[]},{"ancestorTitles":["","API Methods","Comprehensive Tests"],"fullName":" API Methods Comprehensive Tests should run comprehensive tests","status":"passed","title":"should run comprehensive tests","duration":5,"failureMessages":[]},{"ancestorTitles":["","API Methods","Error Handling"],"fullName":" API Methods Error Handling should handle evaluation errors gracefully","status":"passed","title":"should handle evaluation errors gracefully","duration":8,"failureMessages":[]},{"ancestorTitles":["","API Methods","Error Handling"],"fullName":" API Methods Error Handling should provide meaningful error messages","status":"passed","title":"should provide meaningful error messages","duration":0,"failureMessages":[]}],"startTime":1756512455945,"endTime":1756512455983,"status":"passed","message":"","name":"/home/hohenheim/Desktop/repositories/parsec-web/tests/api.test.js"},{"assertionResults":[{"ancestorTitles":["","Arithmetic Operations","Basic Operations"],"fullName":" Arithmetic Operations Basic Operations should perform addition correctly","status":"passed","title":"should perform addition correctly","duration":13,"failureMessages":[]},{"ancestorTitles":["","Arithmetic Operations","Basic Operations"],"fullName":" Arithmetic Operations Basic Operations should perform subtraction correctly","status":"passed","title":"should perform subtraction correctly","duration":3,"failureMessages":[]},{"ancestorTitles":["","Arithmetic Operations","Basic Operations"],"fullName":" Arithmetic Operations Basic Operations should perform multiplication correctly","status":"passed","title":"should perform multiplication correctly","duration":2,"failureMessages":[]},{"ancestorTitles":["","Arithmetic Operations","Basic Operations"],"fullName":" Arithmetic Operations Basic Operations should perform division correctly","status":"passed","title":"should perform division correctly","duration":5,"failureMessages":[]},{"ancestorTitles":["","Arithmetic Operations","Basic Operations"],"fullName":" Arithmetic Operations Basic Operations should handle division by zero","status":"passed","title":"should handle division by zero","duration":1,"failureMessages":[]},{"ancestorTitles":["","Arithmetic Operations","Order of Operations"],"fullName":" Arithmetic Operations Order of Operations should follow correct precedence","status":"passed","title":"should follow correct precedence","duration":3,"failureMessages":[]},{"ancestorTitles":["","Arithmetic Operations","Order of Operations"],"fullName":" Arithmetic Operations Order of Operations should handle nested parentheses","status":"passed","title":"should handle nested parentheses","duration":1,"failureMessages":[]},{"ancestorTitles":["","Arithmetic Operations","Power Operations"],"fullName":" Arithmetic Operations Power Operations should handle power operator","status":"passed","title":"should handle power operator","duration":1,"failureMessages":[]},{"ancestorTitles":["","Arithmetic Operations","Power Operations"],"fullName":" Arithmetic Operations Power Operations should handle pow function","status":"passed","title":"should handle pow function","duration":1,"failureMessages":[]},{"ancestorTitles":["","Arithmetic Operations","Mathematical Functions"],"fullName":" Arithmetic Operations Mathematical Functions should calculate absolute values","status":"passed","title":"should calculate absolute values","duration":1,"failureMessages":[]},{"ancestorTitles":["","Arithmetic Operations","Mathematical Functions"],"fullName":" Arithmetic Operations Mathematical Functions should calculate square roots","status":"passed","title":"should calculate square roots","duration":2,"failureMessages":[]},{"ancestorTitles":["","Arithmetic Operations","Mathematical Functions"],"fullName":" Arithmetic Operations Mathematical Functions should calculate cube roots","status":"passed","title":"should calculate cube roots","duration":1,"failureMessages":[]},{"ancestorTitles":["","Arithmetic Operations","Mathematical Functions"],"fullName":" Arithmetic Operations Mathematical Functions should handle root edge cases","status":"passed","title":"should handle root edge cases","duration":1,"failureMessages":[]},{"ancestorTitles":["","Arithmetic Operations","Rounding Functions"],"fullName":" Arithmetic Operations Rounding Functions should round numbers correctly","status":"passed","title":"should round numbers correctly","duration":2,"failureMessages":[]},{"ancestorTitles":["","Arithmetic Operations","Rounding Functions"],"fullName":" Arithmetic Operations Rounding Functions should round to decimal places","status":"passed","title":"should round to decimal places","duration":1,"failureMessages":[]},{"ancestorTitles":["","Arithmetic Operations","Floating Point Operations"],"fullName":" Arithmetic Operations Floating Point Operations should handle decimal arithmetic","status":"passed","title":"should handle decimal arithmetic","duration":4,"failureMessages":[]},{"ancestorTitles":["","Arithmetic Operations","Floating Point Operations"],"fullName":" Arithmetic Operations Floating Point Operations should handle scientific notation","status":"passed","title":"should handle scientific notation","duration":1,"failureMessages":[]},{"ancestorTitles":["","Arithmetic Operations","Floating Point Operations"],"fullName":" Arithmetic Operations Floating Point Operations should handle floating point remainder","status":"passed","title":"should handle floating point remainder","duration":2,"failureMessages":[]},{"ancestorTitles":["","Arithmetic Operations","Negative Numbers"],"fullName":" Arithmetic Operations Negative Numbers should handle unary minus","status":"passed","title":"should handle unary minus","duration":1,"failureMessages":[]},{"ancestorTitles":["","Arithmetic Operations","Negative Numbers"],"fullName":" Arithmetic Operations Negative Numbers should handle unary plus","status":"passed","title":"should handle unary plus","duration":1,"failureMessages":[]},{"ancestorTitles":["","Arithmetic Operations","Min/Max Functions"],"fullName":" Arithmetic Operations Min/Max Functions should find minimum values","status":"passed","title":"should find minimum values","duration":1,"failureMessages":[]},{"ancestorTitles":["","Arithmetic Operations","Min/Max Functions"],"fullName":" Arithmetic Operations Min/Max Functions should find maximum values","status":"passed","title":"should find maximum values","duration":4,"failureMessages":[]},{"ancestorTitles":["","Arithmetic Operations","Aggregation Functions"],"fullName":" Arithmetic Operations Aggregation Functions should calculate sum","status":"passed","title":"should calculate sum","duration":1,"failureMessages":[]},{"ancestorTitles":["","Arithmetic Operations","Aggregation Functions"],"fullName":" Arithmetic Operations Aggregation Functions should calculate average","status":"passed","title":"should calculate average","duration":1,"failureMessages":[]},{"ancestorTitles":["","Arithmetic Operations","Mathematical Constants"],"fullName":" Arithmetic Operations Mathematical Constants should provide correct mathematical constants","status":"passed","title":"should provide correct mathematical constants","duration":1,"failureMessages":[]},{"ancestorTitles":["","Arithmetic Operations","Mathematical Constants"],"fullName":" Arithmetic Operations Mathematical Constants should use constants in calculations","status":"passed","title":"should use constants in calculations","duration":0,"failureMessages":[]},{"ancestorTitles":["","Arithmetic Operations","Vector Operations"],"fullName":" Arithmetic Operations Vector Operations should calculate hypotenuse","status":"passed","title":"should calculate hypotenuse","duration":2,"failureMessages":[]}],"startTime":1756512455814,"endTime":1756512455876,"status":"passed","message":"","name":"/home/hohenheim/Desktop/repositories/parsec-web/tests/arithmetic.test.js"},{"assertionResults":[{"ancestorTitles":["","Boolean and Comparison Operations","Boolean Values"],"fullName":" Boolean and Comparison Operations Boolean Values should handle boolean literals","status":"passed","title":"should handle boolean literals","duration":5,"failureMessages":[]},{"ancestorTitles":["","Boolean and Comparison Operations","Boolean Values"],"fullName":" Boolean and Comparison Operations Boolean Values should handle null value","status":"passed","title":"should handle null value","duration":1,"failureMessages":[]},{"ancestorTitles":["","Boolean and Comparison Operations","Comparison Operators"],"fullName":" Boolean and Comparison Operations Comparison Operators should perform greater than comparisons","status":"passed","title":"should perform greater than comparisons","duration":3,"failureMessages":[]},{"ancestorTitles":["","Boolean and Comparison Operations","Comparison Operators"],"fullName":" Boolean and Comparison Operations Comparison Operators should perform less than comparisons","status":"passed","title":"should perform less than comparisons","duration":1,"failureMessages":[]},{"ancestorTitles":["","Boolean and Comparison Operations","Comparison Operators"],"fullName":" Boolean and Comparison Operations Comparison Operators should perform greater than or equal comparisons","status":"passed","title":"should perform greater than or equal comparisons","duration":2,"failureMessages":[]},{"ancestorTitles":["","Boolean and Comparison Operations","Comparison Operators"],"fullName":" Boolean and Comparison Operations Comparison Operators should perform less than or equal comparisons","status":"passed","title":"should perform less than or equal comparisons","duration":2,"failureMessages":[]},{"ancestorTitles":["","Boolean and Comparison Operations","Comparison Operators"],"fullName":" Boolean and Comparison Operations Comparison Operators should perform equality comparisons","status":"passed","title":"should perform equality comparisons","duration":5,"failureMessages":[]},{"ancestorTitles":["","Boolean and Comparison Operations","Comparison Operators"],"fullName":" Boolean and Comparison Operations Comparison Operators should perform inequality comparisons","status":"passed","title":"should perform inequality comparisons","duration":5,"failureMessages":[]},{"ancestorTitles":["","Boolean and Comparison Operations","Logical Operators"],"fullName":" Boolean and Comparison Operations Logical Operators should perform logical AND with &&","status":"passed","title":"should perform logical AND with &&","duration":2,"failureMessages":[]},{"ancestorTitles":["","Boolean and Comparison Operations","Logical Operators"],"fullName":" Boolean and Comparison Operations Logical Operators should perform logical OR with ||","status":"passed","title":"should perform logical OR with ||","duration":6,"failureMessages":[]},{"ancestorTitles":["","Boolean and Comparison Operations","Logical Operators"],"fullName":" Boolean and Comparison Operations Logical Operators should perform logical AND with \"and\"","status":"passed","title":"should perform logical AND with \"and\"","duration":1,"failureMessages":[]},{"ancestorTitles":["","Boolean and Comparison Operations","Logical Operators"],"fullName":" Boolean and Comparison Operations Logical Operators should perform logical OR with \"or\"","status":"passed","title":"should perform logical OR with \"or\"","duration":6,"failureMessages":[]},{"ancestorTitles":["","Boolean and Comparison Operations","Bitwise Operators"],"fullName":" Boolean and Comparison Operations Bitwise Operators should perform bitwise AND","status":"passed","title":"should perform bitwise AND","duration":1,"failureMessages":[]},{"ancestorTitles":["","Boolean and Comparison Operations","Bitwise Operators"],"fullName":" Boolean and Comparison Operations Bitwise Operators should perform bitwise OR","status":"passed","title":"should perform bitwise OR","duration":1,"failureMessages":[]},{"ancestorTitles":["","Boolean and Comparison Operations","Bitwise Operators"],"fullName":" Boolean and Comparison Operations Bitwise Operators should perform bit shift operations","status":"passed","title":"should perform bit shift operations","duration":3,"failureMessages":[]},{"ancestorTitles":["","Boolean and Comparison Operations","Conditional (Ternary) Operator"],"fullName":" Boolean and Comparison Operations Conditional (Ternary) Operator should evaluate ternary conditions correctly","status":"passed","title":"should evaluate ternary conditions correctly","duration":2,"failureMessages":[]},{"ancestorTitles":["","Boolean and Comparison Operations","Conditional (Ternary) Operator"],"fullName":" Boolean and Comparison Operations Conditional (Ternary) Operator should handle nested ternary operators","status":"passed","title":"should handle nested ternary operators","duration":1,"failureMessages":[]},{"ancestorTitles":["","Boolean and Comparison Operations","Conditional (Ternary) Operator"],"fullName":" Boolean and Comparison Operations Conditional (Ternary) Operator should handle complex conditions","status":"passed","title":"should handle complex conditions","duration":1,"failureMessages":[]},{"ancestorTitles":["","Boolean and Comparison Operations","Complex Boolean Expressions"],"fullName":" Boolean and Comparison Operations Complex Boolean Expressions should handle complex logical combinations","status":"passed","title":"should handle complex logical combinations","duration":1,"failureMessages":[]},{"ancestorTitles":["","Boolean and Comparison Operations","Complex Boolean Expressions"],"fullName":" Boolean and Comparison Operations Complex Boolean Expressions should handle parentheses for precedence","status":"passed","title":"should handle parentheses for precedence","duration":1,"failureMessages":[]},{"ancestorTitles":["","Boolean and Comparison Operations","String Comparisons"],"fullName":" Boolean and Comparison Operations String Comparisons should compare strings correctly","status":"passed","title":"should compare strings correctly","duration":1,"failureMessages":[]},{"ancestorTitles":["","Boolean and Comparison Operations","Mixed Type Comparisons"],"fullName":" Boolean and Comparison Operations Mixed Type Comparisons should handle number to string comparisons","status":"passed","title":"should handle number to string comparisons","duration":1,"failureMessages":[]}],"startTime":1756512455899,"endTime":1756512455954,"status":"passed","message":"","name":"/home/hohenheim/Desktop/repositories/parsec-web/tests/boolean.test.js"},{"assertionResults":[{"ancestorTitles":["","Mathematical Functions","Trigonometric Functions"],"fullName":" Mathematical Functions Trigonometric Functions should calculate sine correctly","status":"passed","title":"should calculate sine correctly","duration":4,"failureMessages":[]},{"ancestorTitles":["","Mathematical Functions","Trigonometric Functions"],"fullName":" Mathematical Functions Trigonometric Functions should calculate cosine correctly","status":"passed","title":"should calculate cosine correctly","duration":2,"failureMessages":[]},{"ancestorTitles":["","Mathematical Functions","Trigonometric Functions"],"fullName":" Mathematical Functions Trigonometric Functions should calculate tangent correctly","status":"passed","title":"should calculate tangent correctly","duration":2,"failureMessages":[]},{"ancestorTitles":["","Mathematical Functions","Trigonometric Functions"],"fullName":" Mathematical Functions Trigonometric Functions should calculate inverse trigonometric functions","status":"passed","title":"should calculate inverse trigonometric functions","duration":2,"failureMessages":[]},{"ancestorTitles":["","Mathematical Functions","Trigonometric Functions"],"fullName":" Mathematical Functions Trigonometric Functions should calculate atan2 with quadrant fix","status":"passed","title":"should calculate atan2 with quadrant fix","duration":2,"failureMessages":[]},{"ancestorTitles":["","Mathematical Functions","Hyperbolic Functions"],"fullName":" Mathematical Functions Hyperbolic Functions should calculate hyperbolic sine","status":"passed","title":"should calculate hyperbolic sine","duration":1,"failureMessages":[]},{"ancestorTitles":["","Mathematical Functions","Hyperbolic Functions"],"fullName":" Mathematical Functions Hyperbolic Functions should calculate hyperbolic cosine","status":"passed","title":"should calculate hyperbolic cosine","duration":1,"failureMessages":[]},{"ancestorTitles":["","Mathematical Functions","Hyperbolic Functions"],"fullName":" Mathematical Functions Hyperbolic Functions should calculate hyperbolic tangent","status":"passed","title":"should calculate hyperbolic tangent","duration":1,"failureMessages":[]},{"ancestorTitles":["","Mathematical Functions","Hyperbolic Functions"],"fullName":" Mathematical Functions Hyperbolic Functions should calculate inverse hyperbolic functions","status":"passed","title":"should calculate inverse hyperbolic functions","duration":2,"failureMessages":[]},{"ancestorTitles":["","Mathematical Functions","Logarithmic and Exponential Functions"],"fullName":" Mathematical Functions Logarithmic and Exponential Functions should calculate natural logarithm","status":"passed","title":"should calculate natural logarithm","duration":1,"failureMessages":[]},{"ancestorTitles":["","Mathematical Functions","Logarithmic and Exponential Functions"],"fullName":" Mathematical Functions Logarithmic and Exponential Functions should calculate log as natural logarithm","status":"passed","title":"should calculate log as natural logarithm","duration":1,"failureMessages":[]},{"ancestorTitles":["","Mathematical Functions","Logarithmic and Exponential Functions"],"fullName":" Mathematical Functions Logarithmic and Exponential Functions should calculate base-10 logarithm","status":"passed","title":"should calculate base-10 logarithm","duration":1,"failureMessages":[]},{"ancestorTitles":["","Mathematical Functions","Logarithmic and Exponential Functions"],"fullName":" Mathematical Functions Logarithmic and Exponential Functions should calculate base-2 logarithm","status":"passed","title":"should calculate base-2 logarithm","duration":1,"failureMessages":[]},{"ancestorTitles":["","Mathematical Functions","Logarithmic and Exponential Functions"],"fullName":" Mathematical Functions Logarithmic and Exponential Functions should calculate exponential function","status":"passed","title":"should calculate exponential function","duration":1,"failureMessages":[]},{"ancestorTitles":["","Mathematical Functions","Logarithmic and Exponential Functions"],"fullName":" Mathematical Functions Logarithmic and Exponential Functions should handle logarithm edge cases","status":"passed","title":"should handle logarithm edge cases","duration":1,"failureMessages":[]},{"ancestorTitles":["","Mathematical Functions","Type Casting"],"fullName":" Mathematical Functions Type Casting should cast to float","status":"passed","title":"should cast to float","duration":0,"failureMessages":[]},{"ancestorTitles":["","Mathematical Functions","Type Casting"],"fullName":" Mathematical Functions Type Casting should cast to int","status":"passed","title":"should cast to int","duration":1,"failureMessages":[]},{"ancestorTitles":["","Mathematical Functions","Type Casting"],"fullName":" Mathematical Functions Type Casting should calculate factorial","status":"passed","title":"should calculate factorial","duration":1,"failureMessages":[]}],"startTime":1756512457095,"endTime":1756512457120,"status":"passed","message":"","name":"/home/hohenheim/Desktop/repositories/parsec-web/tests/mathematical.test.js"},{"assertionResults":[{"ancestorTitles":["","String Functions","String Literals"],"fullName":" String Functions String Literals should handle string literals correctly","status":"passed","title":"should handle string literals correctly","duration":9,"failureMessages":[]},{"ancestorTitles":["","String Functions","String Concatenation"],"fullName":" String Functions String Concatenation should concatenate strings correctly","status":"passed","title":"should concatenate strings correctly","duration":8,"failureMessages":[]},{"ancestorTitles":["","String Functions","String Concatenation"],"fullName":" String Functions String Concatenation should concatenate mixed types","status":"passed","title":"should concatenate mixed types","duration":2,"failureMessages":[]},{"ancestorTitles":["","String Functions","String Length"],"fullName":" String Functions String Length should calculate string length","status":"passed","title":"should calculate string length","duration":2,"failureMessages":[]},{"ancestorTitles":["","String Functions","String Case Functions"],"fullName":" String Functions String Case Functions should convert to uppercase","status":"passed","title":"should convert to uppercase","duration":2,"failureMessages":[]},{"ancestorTitles":["","String Functions","String Case Functions"],"fullName":" String Functions String Case Functions should convert to lowercase","status":"passed","title":"should convert to lowercase","duration":1,"failureMessages":[]},{"ancestorTitles":["","String Functions","String Substring Functions"],"fullName":" String Functions String Substring Functions should extract left characters","status":"passed","title":"should extract left characters","duration":2,"failureMessages":[]},{"ancestorTitles":["","String Functions","String Substring Functions"],"fullName":" String Functions String Substring Functions should extract right characters","status":"passed","title":"should extract right characters","duration":5,"failureMessages":[]},{"ancestorTitles":["","String Functions","String Substring Functions"],"fullName":" String Functions String Substring Functions should handle edge cases","status":"passed","title":"should handle edge cases","duration":1,"failureMessages":[]},{"ancestorTitles":["","String Functions","String Search Functions"],"fullName":" String Functions String Search Functions should check if string contains substring","status":"passed","title":"should check if string contains substring","duration":2,"failureMessages":[]},{"ancestorTitles":["","String Functions","Type Conversion"],"fullName":" String Functions Type Conversion should convert strings to numbers","status":"passed","title":"should convert strings to numbers","duration":3,"failureMessages":[]},{"ancestorTitles":["","String Functions","Type Conversion"],"fullName":" String Functions Type Conversion should convert values to numbers","status":"passed","title":"should convert values to numbers","duration":1,"failureMessages":[]},{"ancestorTitles":["","String Functions","Type Conversion"],"fullName":" String Functions Type Conversion should convert values to strings","status":"passed","title":"should convert values to strings","duration":2,"failureMessages":[]},{"ancestorTitles":["","String Functions","HTML Functions"],"fullName":" String Functions HTML Functions should create HTML links","status":"passed","title":"should create HTML links","duration":1,"failureMessages":[]},{"ancestorTitles":["","String Functions","Default Values"],"fullName":" String Functions Default Values should return default when value is null","status":"passed","title":"should return default when value is null","duration":1,"failureMessages":[]},{"ancestorTitles":["","String Functions","Default Values"],"fullName":" String Functions Default Values should return original value when not null","status":"passed","title":"should return original value when not null","duration":1,"failureMessages":[]},{"ancestorTitles":["","String Functions","Dynamic Calculation"],"fullName":" String Functions Dynamic Calculation should evaluate equations in strings","status":"passed","title":"should evaluate equations in strings","duration":6,"failureMessages":[]},{"ancestorTitles":["","String Functions","Utility Functions","Mask Function"],"fullName":" String Functions Utility Functions Mask Function should pad with zeros correctly","status":"passed","title":"should pad with zeros correctly","duration":3,"failureMessages":[]},{"ancestorTitles":["","String Functions","Utility Functions","Mask Function"],"fullName":" String Functions Utility Functions Mask Function should handle hash pattern (note: actual behavior differs from expected)","status":"passed","title":"should handle hash pattern (note: actual behavior differs from expected)","duration":2,"failureMessages":[]},{"ancestorTitles":["","String Functions","Utility Functions","Mask Function"],"fullName":" String Functions Utility Functions Mask Function should handle complex patterns","status":"passed","title":"should handle complex patterns","duration":1,"failureMessages":[]},{"ancestorTitles":["","String Functions","Utility Functions","Regex Function"],"fullName":" String Functions Utility Functions Regex Function should return matched content (empty if no match)","status":"passed","title":"should return matched content (empty if no match)","duration":8,"failureMessages":[]},{"ancestorTitles":["","String Functions","Parser Information"],"fullName":" String Functions Parser Information should return parser version information","status":"passed","title":"should return parser version information","duration":0,"failureMessages":[]}],"startTime":1756512455919,"endTime":1756512455984,"status":"passed","message":"","name":"/home/hohenheim/Desktop/repositories/parsec-web/tests/strings.test.js"}]}